<?xml version="1.0" encoding="UTF-8"?>
<!-- Generated by org.testng.reporters.JUnitReportReporter -->
<testsuite hostname="LAPTOP-J7JKI705" failures="0" tests="2" name="com.cucumber.runner.Runnerfile" time="4.219" errors="0" timestamp="2022-02-20T03:04:30 EST" skipped="0">
  <testcase classname="com.cucumber.runner.Runnerfile" name="runScenario" time="4.218"/>
  <system-out/>
  <testcase classname="com.cucumber.runner.Runnerfile" name="test" time="0.001"/>
  <system-out/>
</testsuite> <!-- com.cucumber.runner.Runnerfile -->
